warning: `VIRTUAL_ENV=C:\Users\grant\tools\auto-dev-mcp\.venv` does not match the project environment path `.venv` and will be ignored; use `--active` to target the active environment instead
============================= test session starts =============================
platform win32 -- Python 3.13.11, pytest-9.0.2, pluggy-1.6.0 -- C:\Users\grant\Documents\projects\stoat-and-ferret\.venv\Scripts\python.exe
cachedir: .pytest_cache
hypothesis profile 'default'
benchmark: 5.2.3 (defaults: timer=time.perf_counter disable_gc=False min_rounds=5 min_time=0.000005 max_time=1.0 calibration_precision=10 warmup=False warmup_iterations=100000)
rootdir: C:\Users\grant\Documents\projects\stoat-and-ferret
configfile: pyproject.toml
plugins: anyio-4.12.1, hypothesis-6.151.5, locust-2.43.4, asyncio-1.3.0, benchmark-5.2.3, cov-7.0.0, timeout-2.4.0
asyncio: mode=Mode.AUTO, debug=False, asyncio_default_fixture_loop_scope=None, asyncio_default_test_loop_scope=function
collecting ... collected 90 items

tests/test_render_repository_contract.py::TestRenderJobCreate::test_create_sets_queued_status PASSED [  1%]
tests/test_render_repository_contract.py::TestRenderJobCreate::test_create_sets_zero_progress PASSED [  2%]
tests/test_render_repository_contract.py::TestRenderJobCreate::test_create_sets_null_error PASSED [  3%]
tests/test_render_repository_contract.py::TestRenderJobCreate::test_create_sets_zero_retry_count PASSED [  4%]
tests/test_render_repository_contract.py::TestRenderJobCreate::test_create_sets_null_completed_at PASSED [  5%]
tests/test_render_repository_contract.py::TestRenderJobCreate::test_create_sets_timestamps PASSED [  6%]
tests/test_render_repository_contract.py::TestRenderJobCreate::test_create_generates_unique_ids PASSED [  7%]
tests/test_render_repository_contract.py::TestRenderJobCreate::test_create_preserves_all_fields PASSED [  8%]
tests/test_render_repository_contract.py::TestRenderStatusTransitions::test_queued_to_running PASSED [ 10%]
tests/test_render_repository_contract.py::TestRenderStatusTransitions::test_running_to_completed PASSED [ 11%]
tests/test_render_repository_contract.py::TestRenderStatusTransitions::test_running_to_failed PASSED [ 12%]
tests/test_render_repository_contract.py::TestRenderStatusTransitions::test_failed_to_queued_retry PASSED [ 13%]
tests/test_render_repository_contract.py::TestRenderStatusTransitions::test_queued_to_cancelled PASSED [ 14%]
tests/test_render_repository_contract.py::TestRenderStatusTransitions::test_running_to_cancelled PASSED [ 15%]
tests/test_render_repository_contract.py::TestRenderStatusTransitions::test_cancelled_is_terminal PASSED [ 16%]
tests/test_render_repository_contract.py::TestRenderStatusTransitions::test_completed_to_running_raises PASSED [ 17%]
tests/test_render_repository_contract.py::TestRenderStatusTransitions::test_queued_to_completed_raises PASSED [ 18%]
tests/test_render_repository_contract.py::TestRenderJobProgressValidation::test_valid_progress PASSED [ 20%]
tests/test_render_repository_contract.py::TestRenderJobProgressValidation::test_progress_too_high PASSED [ 21%]
tests/test_render_repository_contract.py::TestRenderJobProgressValidation::test_progress_too_low PASSED [ 22%]
tests/test_render_repository_contract.py::TestRenderJobProgressValidation::test_progress_boundary_zero PASSED [ 23%]
tests/test_render_repository_contract.py::TestRenderJobProgressValidation::test_progress_boundary_one PASSED [ 24%]
tests/test_render_repository_contract.py::TestEnumValues::test_output_format_has_four_values PASSED [ 25%]
tests/test_render_repository_contract.py::TestEnumValues::test_quality_preset_has_three_values PASSED [ 26%]
tests/test_render_repository_contract.py::TestEnumValues::test_render_status_has_five_values PASSED [ 27%]
tests/test_render_repository_contract.py::TestRenderCreate::test_create_and_retrieve[sqlite] PASSED [ 28%]
tests/test_render_repository_contract.py::TestRenderCreate::test_create_and_retrieve[memory] PASSED [ 30%]
tests/test_render_repository_contract.py::TestRenderCreate::test_create_preserves_render_plan[sqlite] PASSED [ 31%]
tests/test_render_repository_contract.py::TestRenderCreate::test_create_preserves_render_plan[memory] PASSED [ 32%]
tests/test_render_repository_contract.py::TestRenderCreate::test_create_preserves_all_formats[sqlite] PASSED [ 33%]
tests/test_render_repository_contract.py::TestRenderCreate::test_create_preserves_all_formats[memory] PASSED [ 34%]
tests/test_render_repository_contract.py::TestRenderCreate::test_create_preserves_all_presets[sqlite] PASSED [ 35%]
tests/test_render_repository_contract.py::TestRenderCreate::test_create_preserves_all_presets[memory] PASSED [ 36%]
tests/test_render_repository_contract.py::TestRenderGet::test_get_nonexistent_returns_none[sqlite] PASSED [ 37%]
tests/test_render_repository_contract.py::TestRenderGet::test_get_nonexistent_returns_none[memory] PASSED [ 38%]
tests/test_render_repository_contract.py::TestRenderGetByProject::test_empty_project_returns_empty[sqlite] PASSED [ 40%]
tests/test_render_repository_contract.py::TestRenderGetByProject::test_empty_project_returns_empty[memory] PASSED [ 41%]
tests/test_render_repository_contract.py::TestRenderGetByProject::test_returns_jobs_for_project[sqlite] PASSED [ 42%]
tests/test_render_repository_contract.py::TestRenderGetByProject::test_returns_jobs_for_project[memory] PASSED [ 43%]
tests/test_render_repository_contract.py::TestRenderGetByProject::test_returns_ordered_by_created_at[sqlite] PASSED [ 44%]
tests/test_render_repository_contract.py::TestRenderGetByProject::test_returns_ordered_by_created_at[memory] PASSED [ 45%]
tests/test_render_repository_contract.py::TestRenderListByStatus::test_empty_status_returns_empty[sqlite] PASSED [ 46%]
tests/test_render_repository_contract.py::TestRenderListByStatus::test_empty_status_returns_empty[memory] PASSED [ 47%]
tests/test_render_repository_contract.py::TestRenderListByStatus::test_filters_by_status[sqlite] PASSED [ 48%]
tests/test_render_repository_contract.py::TestRenderListByStatus::test_filters_by_status[memory] PASSED [ 50%]
tests/test_render_repository_contract.py::TestRenderUpdateStatus::test_queued_to_running[sqlite] PASSED [ 51%]
tests/test_render_repository_contract.py::TestRenderUpdateStatus::test_queued_to_running[memory] PASSED [ 52%]
tests/test_render_repository_contract.py::TestRenderUpdateStatus::test_running_to_completed[sqlite] PASSED [ 53%]
tests/test_render_repository_contract.py::TestRenderUpdateStatus::test_running_to_completed[memory] PASSED [ 54%]
tests/test_render_repository_contract.py::TestRenderUpdateStatus::test_running_to_failed_with_error[sqlite] PASSED [ 55%]
tests/test_render_repository_contract.py::TestRenderUpdateStatus::test_running_to_failed_with_error[memory] PASSED [ 56%]
tests/test_render_repository_contract.py::TestRenderUpdateStatus::test_failed_to_queued_retry[sqlite] PASSED [ 57%]
tests/test_render_repository_contract.py::TestRenderUpdateStatus::test_failed_to_queued_retry[memory] PASSED [ 58%]
tests/test_render_repository_contract.py::TestRenderUpdateStatus::test_queued_to_cancelled[sqlite] PASSED [ 60%]
tests/test_render_repository_contract.py::TestRenderUpdateStatus::test_queued_to_cancelled[memory] PASSED [ 61%]
tests/test_render_repository_contract.py::TestRenderUpdateStatus::test_running_to_cancelled[sqlite] PASSED [ 62%]
tests/test_render_repository_contract.py::TestRenderUpdateStatus::test_running_to_cancelled[memory] PASSED [ 63%]
tests/test_render_repository_contract.py::TestRenderUpdateStatus::test_cancelled_is_terminal[sqlite] PASSED [ 64%]
tests/test_render_repository_contract.py::TestRenderUpdateStatus::test_cancelled_is_terminal[memory] PASSED [ 65%]
tests/test_render_repository_contract.py::TestRenderUpdateStatus::test_completed_to_running_raises[sqlite] PASSED [ 66%]
tests/test_render_repository_contract.py::TestRenderUpdateStatus::test_completed_to_running_raises[memory] PASSED [ 67%]
tests/test_render_repository_contract.py::TestRenderUpdateStatus::test_queued_to_completed_raises[sqlite] PASSED [ 68%]
tests/test_render_repository_contract.py::TestRenderUpdateStatus::test_queued_to_completed_raises[memory] PASSED [ 70%]
tests/test_render_repository_contract.py::TestRenderUpdateStatus::test_nonexistent_job_raises[sqlite] PASSED [ 71%]
tests/test_render_repository_contract.py::TestRenderUpdateStatus::test_nonexistent_job_raises[memory] PASSED [ 72%]
tests/test_render_repository_contract.py::TestRenderUpdateStatus::test_update_status_updates_timestamp[sqlite] PASSED [ 73%]
tests/test_render_repository_contract.py::TestRenderUpdateStatus::test_update_status_updates_timestamp[memory] PASSED [ 74%]
tests/test_render_repository_contract.py::TestRenderUpdateProgress::test_update_progress_value[sqlite] PASSED [ 75%]
tests/test_render_repository_contract.py::TestRenderUpdateProgress::test_update_progress_value[memory] PASSED [ 76%]
tests/test_render_repository_contract.py::TestRenderUpdateProgress::test_progress_out_of_bounds_raises[sqlite] PASSED [ 77%]
tests/test_render_repository_contract.py::TestRenderUpdateProgress::test_progress_out_of_bounds_raises[memory] PASSED [ 78%]
tests/test_render_repository_contract.py::TestRenderUpdateProgress::test_nonexistent_job_raises[sqlite] PASSED [ 80%]
tests/test_render_repository_contract.py::TestRenderUpdateProgress::test_nonexistent_job_raises[memory] PASSED [ 81%]
tests/test_render_repository_contract.py::TestRenderUpdateProgress::test_update_progress_updates_timestamp[sqlite] PASSED [ 82%]
tests/test_render_repository_contract.py::TestRenderUpdateProgress::test_update_progress_updates_timestamp[memory] PASSED [ 83%]
tests/test_render_repository_contract.py::TestRenderDelete::test_delete_existing_job[sqlite] PASSED [ 84%]
tests/test_render_repository_contract.py::TestRenderDelete::test_delete_existing_job[memory] PASSED [ 85%]
tests/test_render_repository_contract.py::TestRenderDelete::test_delete_nonexistent_returns_false[sqlite] PASSED [ 86%]
tests/test_render_repository_contract.py::TestRenderDelete::test_delete_nonexistent_returns_false[memory] PASSED [ 87%]
tests/test_render_repository_contract.py::TestRenderProtocolCompliance::test_sqlite_implements_protocol PASSED [ 88%]
tests/test_render_repository_contract.py::TestRenderProtocolCompliance::test_inmemory_implements_protocol PASSED [ 90%]
tests/test_render_repository_contract.py::TestRenderDeepCopyIsolation::test_returned_record_is_isolated PASSED [ 91%]
tests/test_render_repository_contract.py::TestRenderDeterministicOrdering::test_get_by_project_tie_break_by_id[sqlite] PASSED [ 92%]
tests/test_render_repository_contract.py::TestRenderDeterministicOrdering::test_get_by_project_tie_break_by_id[memory] PASSED [ 93%]
tests/test_render_repository_contract.py::TestRenderDeterministicOrdering::test_list_by_status_tie_break_by_id[sqlite] PASSED [ 94%]
tests/test_render_repository_contract.py::TestRenderDeterministicOrdering::test_list_by_status_tie_break_by_id[memory] PASSED [ 95%]
tests/test_render_repository_contract.py::TestRenderSerializationRoundTrip::test_enum_values_persist_and_recover[sqlite] PASSED [ 96%]
tests/test_render_repository_contract.py::TestRenderSerializationRoundTrip::test_enum_values_persist_and_recover[memory] PASSED [ 97%]
tests/test_render_repository_contract.py::TestRenderSerializationRoundTrip::test_timestamps_survive_round_trip[sqlite] PASSED [ 98%]
tests/test_render_repository_contract.py::TestRenderSerializationRoundTrip::test_timestamps_survive_round_trip[memory] PASSED [100%]

============================= 90 passed in 0.82s ==============================
